"../../../Engine/Content/EditorBlueprintResources/StandardMacros.uasset" 0
"../../../Engine/Content/EngineSky/C_Sky_Cloud_Color.uasset" 1
"../../../Engine/Content/EngineSky/C_Sky_Horizon_Color.uasset" 2
"../../../Engine/Content/EngineSky/C_Sky_Zenith_Color.uasset" 3
"../../../Engine/Content/EngineSky/T_Sky_Blue.uasset" 4
"../../../Engine/Content/EngineSky/T_Sky_Clouds_M.uasset" 5
"../../../Engine/Content/EngineSky/T_Sky_Stars.uasset" 6
"../../../Engine/Content/EngineSky/SM_SkySphere.uasset" 7
"../../../Engine/Content/EngineSky/M_Sky_Panning_Clouds2.uasset" 8
"../../../Engine/Content/EngineSky/BP_Sky_Sphere.uasset" 9
"../../../Engine/Content/Functions/Engine_MaterialFunctions02/Utility/BlendAngleCorrectedNormals.uasset" 10
"../../../Engine/Content/Functions/MaterialLayerFunctions/MatLayerBlend_NormalBlend.uasset" 11
"../../../Engine/Content/Functions/MaterialLayerFunctions/MatLayerBlend_Simple.uasset" 12
"../../../GameProject/Content/Mannequin/Character/Materials/MaterialLayers/T_ML_Rubber_Blue_01_D.uasset" 13
"../../../GameProject/Content/Mannequin/Character/Materials/MaterialLayers/T_ML_Rubber_Blue_01_N.uasset" 14
"../../../GameProject/Content/Mannequin/Character/Materials/MaterialLayers/ML_GlossyBlack_Latex_UE4.uasset" 15
"../../../GameProject/Content/Mannequin/Character/Materials/MaterialLayers/ML_Plastic_Shiny_Beige.uasset" 16
"../../../GameProject/Content/Mannequin/Character/Textures/UE4_LOGO_CARD.uasset" 17
"../../../GameProject/Content/Mannequin/Character/Materials/MaterialLayers/ML_Plastic_Shiny_Beige_LOGO.uasset" 18
"../../../GameProject/Content/Mannequin/Character/Materials/MaterialLayers/T_ML_Aluminum01.uasset" 19
"../../../GameProject/Content/Mannequin/Character/Materials/MaterialLayers/T_ML_Aluminum01_N.uasset" 20
"../../../GameProject/Content/Mannequin/Character/Materials/MaterialLayers/ML_SoftMetal_UE4.uasset" 21
"../../../GameProject/Content/Mannequin/Character/Textures/UE4_Mannequin__normals.uasset" 22
"../../../GameProject/Content/Mannequin/Character/Textures/UE4_Mannequin_MAT_MASKA.uasset" 23
"../../../GameProject/Content/Mannequin/Character/Materials/M_UE4Man_Body.uasset" 24
"../../../GameProject/Content/Mannequin/Character/Textures/UE4Man_Logo_N.uasset" 25
"../../../GameProject/Content/Mannequin/Character/Materials/M_UE4Man_ChestLogo.uasset" 26
"../../../GameProject/Content/Mannequin/Character/Mesh/SK_Mannequin_PhysicsAsset.uasset" 27
"../../../GameProject/Content/Mannequin/Character/Mesh/SK_Mannequin.uasset" 28
"../../../GameProject/Content/Mannequin/Character/Mesh/UE4_Mannequin_Skeleton.uasset" 29
"../../../GameProject/Content/Mannequin/Animations/ThirdPerson_Jump.uasset" 30
"../../../GameProject/Content/Mannequin/Animations/ThirdPersonJump_Loop.uasset" 31
"../../../GameProject/Content/Mannequin/Animations/ThirdPersonJump_Start.uasset" 32
"../../../GameProject/Content/Mannequin/Animations/ThirdPersonIdle.uasset" 33
"../../../GameProject/Content/Mannequin/Animations/ThirdPersonRun.uasset" 34
"../../../GameProject/Content/Mannequin/Animations/ThirdPersonWalk.uasset" 35
"../../../GameProject/Content/Mannequin/Animations/ThirdPerson_IdleRun_2D.uasset" 36
"../../../GameProject/Content/Mannequin/Animations/ThirdPerson_AnimBP.uasset" 37
"../../../Engine/Content/EditorBlueprintResources/ActorMacros.uasset" 38
"../../../GameProject/Content/ThirdPersonBP/Blueprints/Library/CharacterFonctionsLibrary.uasset" 39
"../../../Engine/Content/EngineResources/Black.uasset" 40
"../../../GameProject/Content/InfinityBladeEffects/Effects/Masters/M_Add_Sprite_Master_DepthFade.uasset" 41
"../../../GameProject/Content/InfinityBladeEffects/Effects/FX_Textures/Gradient/T_starFlare_02.uasset" 42
"../../../GameProject/Content/InfinityBladeEffects/Effects/FX_Materials/Gradient/M_Flare_02_INST.uasset" 43
"../../../GameProject/Content/InfinityBladeEffects/Effects/Masters/M_Add_Sprite_Master.uasset" 44
"../../../GameProject/Content/InfinityBladeEffects/Effects/FX_Textures/Gradient/T_BlastHalf.uasset" 45
"../../../GameProject/Content/InfinityBladeEffects/Effects/FX_Materials/Gradient/M_Flare_Vertical_01_INST.uasset" 46
"../../../GameProject/Content/InfinityBladeEffects/Effects/FX_Textures/Gradient/T_GlowNoise_01.uasset" 47
"../../../GameProject/Content/InfinityBladeEffects/Effects/FX_Materials/M_Shockwave_03_Add_INST.uasset" 48
"../../../GameProject/Content/InfinityBladeEffects/Effects/FX_Skill_Aura/P_Aura_Ice_Ending_01.uasset" 49
"../../../GameProject/Content/InfinityBladeEffects/Effects/FX_Textures/Noise/T_Tile_Noise_Tendril_01.uasset" 50
"../../../GameProject/Content/InfinityBladeEffects/Effects/FX_Materials/Mobile/M_Tile_Noise_Tendril_01.uasset" 51
"../../../Engine/Content/EngineMaterials/FlatNormal.uasset" 52
"../../../GameProject/Content/InfinityBladeEffects/Effects/FX_Textures/Tile/T_Black_32.uasset" 53
"../../../GameProject/Content/InfinityBladeEffects/Effects/Masters/M_Trans_Sprite_Master_Surface.uasset" 54
"../../../GameProject/Content/InfinityBladeEffects/Effects/FX_Textures/Damage/T_cracks_01_N.uasset" 55
"../../../GameProject/Content/InfinityBladeEffects/Effects/FX_Textures/Damage/T_cracksIcey_01.uasset" 56
"../../../GameProject/Content/InfinityBladeEffects/Effects/FX_Materials/Damage/M_CrackedGround_Ice_01_INST.uasset" 57
"../../../GameProject/Content/InfinityBladeEffects/Effects/FX_Textures/Gradient/T_SoftFallOff.uasset" 58
"../../../GameProject/Content/InfinityBladeEffects/Effects/FX_Materials/Gradient/M_Flare_03_INST.uasset" 59
"../../../GameProject/Content/InfinityBladeEffects/Effects/FX_Textures/Gradient/FX_Glow_12alpha.uasset" 60
"../../../GameProject/Content/InfinityBladeEffects/Effects/FX_Materials/Gradient/M_Flare_09_Inst.uasset" 61
"../../../GameProject/Content/InfinityBladeEffects/Effects/Masters/M_Trans_Sprite_Master_DepthFade.uasset" 62
"../../../GameProject/Content/InfinityBladeEffects/Effects/FX_Textures/Liquid/T_bloodTest_4X6.uasset" 63
"../../../GameProject/Content/InfinityBladeEffects/Effects/FX_Materials/Liquid/M_Liquid_Spray_01_4X6_INST.uasset" 64
"../../../GameProject/Content/InfinityBladeEffects/Effects/FX_Textures/Gradient/T_BlastWave.uasset" 65
"../../../GameProject/Content/InfinityBladeEffects/Effects/FX_Materials/M_Shockwave_01_ADD_INST.uasset" 66
"../../../GameProject/Content/InfinityBladeEffects/Effects/FX_Meshes/Skills/SM_FireBlastMesh.uasset" 67
"../../../GameProject/Content/InfinityBladeEffects/Effects/FX_Skill_Aura/P_Aura_Ice_Shatter_01.uasset" 68
"../../../GameProject/Content/ThirdPersonBP/Blueprints/Spells/IceAoe.uasset" 69
"../../../Engine/Content/Functions/Engine_MaterialFunctions01/Opacity/CameraDepthFade.uasset" 70
"../../../Engine/Content/EngineMaterials/T_Default_Material_Grid_M.uasset" 71
"../../../Engine/Content/EngineMaterials/T_Default_Material_Grid_N.uasset" 72
"../../../Engine/Content/EngineMaterials/DefaultMaterial.uasset" 73
"../../../Engine/Content/BasicShapes/Sphere.uasset" 74
"../../../GameProject/Content/InfinityBladeEffects/Effects/FX_Textures/Gradient/T_starFlare_01.uasset" 75
"../../../GameProject/Content/InfinityBladeEffects/Effects/FX_Materials/Gradient/M_Flare_01_INST.uasset" 76
"../../../GameProject/Content/InfinityBladeEffects/Effects/FX_Textures/Gradient/T_Vertical_Glow.uasset" 77
"../../../GameProject/Content/InfinityBladeEffects/Effects/FX_Materials/Gradient/M_Glow_Vertical_INST.uasset" 78
"../../../GameProject/Content/InfinityBladeEffects/Effects/Masters/M_Opaque_MeshEmit_Emis_Master.uasset" 79
"../../../GameProject/Content/InfinityBladeEffects/Effects/FX_Textures/Texture/T_Ice_Mesh02b.uasset" 80
"../../../GameProject/Content/InfinityBladeEffects/Effects/FX_Materials/ICE/M_Ice_Solid_01_INST.uasset" 81
"../../../GameProject/Content/InfinityBladeEffects/Effects/FX_Meshes/ICE/SM_IceShard_01.uasset" 82
"../../../GameProject/Content/InfinityBladeEffects/Effects/FX_Monsters/FX_Monster_Spider/ICE/P_Ice_Spiderling_Proj.uasset" 83
"../../../GameProject/Content/ThirdPersonBP/Blueprints/Spells/Iceball.uasset" 84
"../../../GameProject/Content/ThirdPersonBP/Blueprints/Library/CharacterMacroLib.uasset" 85
"../../../GameProject/Content/SpellsPicture/Blizzard.uasset" 86
"../../../GameProject/Content/SpellsPicture/FireBall.uasset" 87
"../../../GameProject/Content/SpellsPicture/Invoc.uasset" 88
"../../../GameProject/Content/SpellsPicture/Lightning.uasset" 89
"../../../GameProject/Content/SpellsPicture/SpeelBackground.uasset" 90
"../../../GameProject/Content/SpellsPicture/Sword.uasset" 91
"../../../GameProject/Content/ThirdPersonBP/Blueprints/HUD/HUD.uasset" 92
"../../../GameProject/Content/SpellsPicture/SlotBackground.uasset" 93
"../../../GameProject/Content/SpellsPicture/SlotBackgroundActive.uasset" 94
"../../../GameProject/Content/ThirdPersonBP/Blueprints/HUD/InventoryHUD.uasset" 95
"../../../GameProject/Content/ThirdPersonBP/Blueprints/HUD/OptionsHUD.uasset" 96
"../../../GameProject/Content/ThirdPersonBP/Blueprints/HUD/SkillsHUD.uasset" 97
"../../../GameProject/Content/ThirdPersonBP/Blueprints/HUD/MenuHUD.uasset" 98
"../../../GameProject/Content/ThirdPersonBP/Blueprints/Character/ThirdPersonCharacter.uasset" 99
"../../../GameProject/Content/ThirdPerson/Textures/ThirdPersonCrosshair.uasset" 100
"../../../GameProject/Content/ThirdPersonBP/Blueprints/HUD/CrossHairHUD.uasset" 101
"../../../GameProject/Content/ThirdPersonBP/Blueprints/GameModes/ThirdPersonGameMode.uasset" 102
"../../../Engine/Content/EngineMaterials/WorldGridMaterial.uasset" 103
"../../../GameProject/Content/StarterContent/Materials/M_Basic_Wall.uasset" 104
"../../../GameProject/Content/StarterContent/Architecture/Pillar_50x500.uasset" 105
"../../../GameProject/Content/StarterContent/Architecture/Pillar_50x500_DM.uasset" 106
"../../../GameProject/Content/InfinityBladeEffects/Environments/Breakables/Textures/T_Ice_Fort_Trim_1_D.uasset" 107
"../../../GameProject/Content/InfinityBladeEffects/Environments/Breakables/Textures/T_Ice_Fort_Trim_1_N.uasset" 108
"../../../GameProject/Content/InfinityBladeEffects/Environments/Breakables/Materials/M_Breakables_Fort_Wall_Destroyed_Trim.uasset" 109
"../../../GameProject/Content/StarterContent/Textures/T_MacroVariation.uasset" 110
"../../../GameProject/Content/StarterContent/Textures/T_Perlin_Noise_M.uasset" 111
"../../../GameProject/Content/StarterContent/Textures/T_Rock_Sandstone_D.uasset" 112
"../../../GameProject/Content/StarterContent/Textures/T_Rock_Sandstone_N.uasset" 113
"../../../GameProject/Content/StarterContent/Materials/M_Rock_Sandstone.uasset" 114
"../../../Engine/Content/BasicShapes/Cube.uasset" 115
"../../../Engine/Content/MapTemplates/SM_Template_Map_Floor.uasset" 116
"../../../GameProject/Content/ThirdPersonBP/Maps/Arene_0.umap" 117
"../../../GameProject/Content/ThirdPersonBP/Blueprints/Character/HomeMapCharacter.uasset" 118
"../../../GameProject/Content/ThirdPersonBP/Blueprints/GameModes/HomeMapMode.uasset" 119
"../../../GameProject/Content/StarterContent/Textures/T_CobbleStone_Smooth_D.uasset" 120
"../../../GameProject/Content/StarterContent/Textures/T_CobbleStone_Smooth_M.uasset" 121
"../../../GameProject/Content/StarterContent/Textures/T_CobbleStone_Smooth_N.uasset" 122
"../../../GameProject/Content/StarterContent/Textures/T_Gradinet_01.uasset" 123
"../../../GameProject/Content/StarterContent/Textures/T_Rock_Smooth_Granite_D.uasset" 124
"../../../GameProject/Content/StarterContent/Materials/M_CobbleStone_Smooth.uasset" 125
"../../../GameProject/Content/ThirdPersonBP/Blueprints/HUD/HomeMenu.uasset" 126
"../../../GameProject/Content/ThirdPersonBP/Maps/HomeMap.umap" 127
"../../../Engine/Content/EditorResources/S_Actor.uasset" 128
"../../../Engine/Content/EditorResources/SceneManager.uasset" 129
"../../../Engine/Content/EditorResources/S_Emitter.uasset" 130
"../../../Engine/Content/EditorResources/Bad.uasset" 131
"../../../Engine/Content/EditorResources/Bkgnd.uasset" 132
"../../../Engine/Content/EditorResources/BkgndHi.uasset" 133
"../../../Engine/Content/EditorMeshes/EditorCube.uasset" 134
"../../../Engine/Content/EditorMeshes/EditorSphere.uasset" 135
"../../../Engine/Content/EditorMeshes/EditorPlane.uasset" 136
"../../../Engine/Content/EditorMeshes/EditorCylinder.uasset" 137
"../../../Engine/Content/EngineFonts/Roboto.uasset" 138
"../../../Engine/Content/Maps/Templates/Thumbnails/Default.uasset" 139
"../../../Engine/Content/Functions/Engine_MaterialFunctions01/Shading/PowerToRoughness.uasset" 140
"../../../Engine/Content/EngineMaterials/DefaultDiffuse.uasset" 141
"../../../Engine/Content/EngineMaterials/DefaultDeferredDecalMaterial.uasset" 142
"../../../Engine/Content/EngineMaterials/DefaultLightFunctionMaterial.uasset" 143
"../../../Engine/Content/Functions/Engine_MaterialFunctions02/Utility/BreakOutFloat2Components.uasset" 144
"../../../Engine/Content/EngineMaterials/DefaultPostProcessMaterial.uasset" 145
"../../../Engine/Content/EditorMaterials/Thumbnails/SkySphereMaterial.uasset" 146
"../../../Engine/Content/EditorMeshes/EditorSkySphere.uasset" 147
"../../../Engine/Content/EngineMaterials/Grid.uasset" 148
"../../../Engine/Content/EditorMaterials/Thumbnails/FloorPlaneMaterial.uasset" 149
"../../../Engine/Content/MapTemplates/Sky/DaylightAmbientCubemap.uasset" 150
"../../../Engine/Content/EditorMaterials/ParticleSystems/PSysThumbnail_NoImage.uasset" 151
"../../../Engine/Content/EditorMaterials/ParticleSystems/PSysThumbnail_OOD.uasset" 152
"../../../Engine/Content/EditorResources/S_DecalActorIcon.uasset" 153
"../../../Engine/Content/EditorLandscapeResources/LandscapeGizmo_Mat.uasset" 154
"../../../Engine/Content/EditorLandscapeResources/LandscapeGizmo_Mat_Copied.uasset" 155
"../../../Engine/Content/EditorLandscapeResources/LandscapeGizmoHeight_Mat.uasset" 156
"../../../Engine/Content/EditorLandscapeResources/DataLayer.uasset" 157
"../../../Engine/Content/EditorResources/S_Terrain.uasset" 158
"../../../Engine/Content/EditorLandscapeResources/SplineEditorMeshMat.uasset" 159
"../../../Engine/Content/EditorLandscapeResources/SplineEditorMesh.uasset" 160
"../../../Engine/Content/EngineResources/DefaultTexture.uasset" 161
"../../../Engine/Content/Functions/Engine_MaterialFunctions02/Texturing/ScreenAlignedUVs.uasset" 162
"../../../Engine/Content/EngineResources/WhiteSquareTexture.uasset" 163
"../../../Engine/Content/EngineMaterials/Widget3DPassThrough.uasset" 164
"../../../Engine/Content/EngineMaterials/Widget3DPassThrough_Translucent.uasset" 165
"../../../Engine/Content/EngineMaterials/Widget3DPassThrough_Translucent_OneSided.uasset" 166
"../../../Engine/Content/EngineMaterials/Widget3DPassThrough_Opaque.uasset" 167
"../../../Engine/Content/EngineMaterials/Widget3DPassThrough_Opaque_OneSided.uasset" 168
"../../../Engine/Content/EngineMaterials/Widget3DPassThrough_Masked.uasset" 169
"../../../Engine/Content/EngineMaterials/Widget3DPassThrough_Masked_OneSided.uasset" 170
"../../../Engine/Content/EditorResources/MatineeCam_D.uasset" 171
"../../../Engine/Content/EditorMaterials/MatineeCam_mat.uasset" 172
"../../../Engine/Content/EditorMeshes/MatineeCam_SM.uasset" 173
"../../../Engine/Content/Functions/Engine_MaterialFunctions02/Utility/Sign.uasset" 174
"../../../Engine/Content/Functions/Engine_MaterialFunctions02/Utility/Round.uasset" 175
"../../../Engine/Content/Functions/Engine_MaterialFunctions02/ExampleContent/Textures/flipbook.uasset" 176
"../../../Engine/Content/Functions/Engine_MaterialFunctions02/Texturing/FlipBook.uasset" 177
"../../../Engine/Content/EditorResources/T_EditorHelp.uasset" 178
"../../../Engine/Content/EditorMaterials/HelpActorMaterial.uasset" 179
"../../../Engine/Content/EditorResources/S_ExpoHeightFog.uasset" 180
"../../../Engine/Content/EditorResources/S_NavP.uasset" 181
"../../../Engine/Content/EditorResources/S_Player.uasset" 182
"../../../Engine/Content/EditorResources/LightIcons/SkyLight.uasset" 183
"../../../Engine/Content/EditorResources/S_WindDirectional.uasset" 184
"../../../Engine/Content/EngineDamageTypes/DmgTypeBP_Environmental.uasset" 185
"../../../Engine/Content/EditorResources/LightIcons/S_LightDirectional.uasset" 186
"../../../Engine/Content/EditorResources/LightIcons/S_LightDirectionalMove.uasset" 187
"../../../Engine/Content/EditorResources/LightIcons/S_LightPoint.uasset" 188
"../../../Engine/Content/EditorResources/LightIcons/S_LightPointMove.uasset" 189
"../../../Engine/Content/EditorResources/LightIcons/S_LightSpot.uasset" 190
"../../../Engine/Content/EditorResources/LightIcons/S_LightSpotMove.uasset" 191
"../../../Engine/Content/EditorResources/MatInstActSprite.uasset" 192
"../../../Engine/Content/EditorResources/AI/S_NavLink.uasset" 193
"../../../Engine/Content/EditorResources/S_Note.uasset" 194
"../../../Engine/Content/EngineMeshes/Sphere.uasset" 195
"../../../Engine/Content/EditorResources/S_ReflActorIcon.uasset" 196
"../../../Engine/Content/EditorResources/S_Thruster.uasset" 197
"../../../Engine/Content/EditorResources/S_RadForce.uasset" 198
"../../../Engine/Content/EditorMaterials/TargetIcon.uasset" 199
"../../../Engine/Content/EngineFonts/RobotoDistanceField.uasset" 200
"../../../Engine/Content/EngineMaterials/DefaultTextMaterialOpaque.uasset" 201
"../../../Engine/Content/EditorResources/S_TextRenderActorIcon.uasset" 202
"../../../Engine/Content/EditorResources/S_Trigger.uasset" 203
"../../../Engine/Content/EditorResources/S_VectorFieldVol.uasset" 204
"../../../Engine/Content/EngineResources/GradientTexture0.uasset" 205
"../../../Engine/Content/EditorMaterials/MatineeGroups/MAT_Groups_Float.uasset" 206
"../../../Engine/Content/EditorMaterials/MatineeGroups/MAT_Groups_Director.uasset" 207
"../../../Engine/Content/EditorMaterials/MatineeGroups/MAT_Groups_Event.uasset" 208
"../../../Engine/Content/EditorMaterials/MatineeGroups/MAT_Groups_Anim.uasset" 209
"../../../Engine/Content/EditorMaterials/MatineeGroups/MAT_Groups_Fade.uasset" 210
"../../../Engine/Content/EditorMaterials/MatineeGroups/MAT_Groups_Move.uasset" 211
"../../../Engine/Content/EditorMaterials/MatineeGroups/MAT_Groups_Slomo.uasset" 212
"../../../Engine/Content/EditorMaterials/MatineeGroups/MAT_ColorTrack.uasset" 213
"../../../Engine/Content/EditorMaterials/MAT_Groups_Toggle.uasset" 214
"../../../Engine/Content/EditorMaterials/MatineeGroups/MAT_Groups_AudioMaster.uasset" 215
"../../../Engine/Content/EditorMaterials/MatineeGroups/MAT_Groups_Sound.uasset" 216
"../../../Engine/Content/EditorMaterials/MatineeGroups/MAT_Groups_Vector.uasset" 217
"../../../Engine/Content/EditorMaterials/MAT_Groups_Visibility.uasset" 218
"../../../Engine/Content/EngineResources/DefaultTextureCube.uasset" 219
"../../../Engine/Content/EngineMeshes/Cylinder.uasset" 220
"../../../Engine/Content/EngineTireTypes/DefaultTireType.uasset" 221
"../../../Engine/Content/EditorResources/S_FTest.uasset" 222
"../../../Engine/Content/EngineResources/AICON-Red.uasset" 223
"../../../Engine/Content/EngineResources/AICON-Green.uasset" 224
"../../../Engine/Plugins/2D/Paper2D/Content/PlaceholderTextures/DummySpriteTexture.uasset" 225
"../../../Engine/Plugins/2D/Paper2D/Content/DefaultSpriteMaterial.uasset" 226
"../../../Engine/Plugins/2D/Paper2D/Content/MaskedUnlitSpriteMaterial.uasset" 227
"../../../Engine/Plugins/2D/Paper2D/Content/OpaqueUnlitSpriteMaterial.uasset" 228
"../../../Engine/Plugins/2D/Paper2D/Content/DummySprite.uasset" 229
"../../../Engine/Plugins/2D/Paper2D/Content/DefaultPaperTerrainMaterial.uasset" 230
"../../../Engine/Content/EditorSounds/Notifications/CompileSuccess.uasset" 231
"../../../Engine/Content/EditorSounds/Notifications/CompileStart_Cue.uasset" 232
"../../../Engine/Content/EditorSounds/Notifications/CompileSuccess_Cue.uasset" 233
"../../../Engine/Content/EditorSounds/Notifications/CompileFailed.uasset" 234
"../../../Engine/Content/EditorSounds/Notifications/CompileFailed_Cue.uasset" 235
"../../../Engine/Content/BufferVisualization/BaseColor.uasset" 236
"../../../Engine/Content/BufferVisualization/CustomDepth.uasset" 237
"../../../Engine/Content/Functions/Engine_MaterialFunctions02/Utility/MakeFloat2.uasset" 238
"../../../Engine/Content/Functions/Engine_MaterialFunctions02/Utility/MakeFloat3.uasset" 239
"../../../Engine/Content/EngineMaterials/MiniFont.uasset" 240
"../../../Engine/Content/BufferVisualization/CustomStencil.uasset" 241
"../../../Engine/Content/BufferVisualization/DecalMask.uasset" 242
"../../../Engine/Content/BufferVisualization/FinalImage.uasset" 243
"../../../Engine/Content/BufferVisualization/LightingModel.uasset" 244
"../../../Engine/Content/BufferVisualization/MaterialAO.uasset" 245
"../../../Engine/Content/BufferVisualization/Metallic.uasset" 246
"../../../Engine/Content/BufferVisualization/Opacity.uasset" 247
"../../../Engine/Content/BufferVisualization/Roughness.uasset" 248
"../../../Engine/Content/BufferVisualization/SceneColor.uasset" 249
"../../../Engine/Content/BufferVisualization/SceneDepth.uasset" 250
"../../../Engine/Content/BufferVisualization/SeparateTranslucencyRGB.uasset" 251
"../../../Engine/Content/BufferVisualization/SeparateTranslucencyA.uasset" 252
"../../../Engine/Content/BufferVisualization/Specular.uasset" 253
"../../../Engine/Content/BufferVisualization/SubsurfaceColor.uasset" 254
"../../../Engine/Content/BufferVisualization/WorldNormal.uasset" 255
"../../../Engine/Content/EngineMaterials/DefaultPhysicalMaterial.uasset" 256
"../../../Engine/Content/BufferVisualization/AmbientOcclusion.uasset" 257
"../../../Engine/Content/Functions/Engine_MaterialFunctions02/Utility/VectorLength.uasset" 258
"../../../Engine/Content/BufferVisualization/CustomDepthWorldUnits.uasset" 259
"../../../Engine/Content/BufferVisualization/SceneDepthWorldUnits.uasset" 260
"../../../Engine/Plugins/Runtime/LeapMotionController/Content/LM_CapsuleMesh.uasset" 261
"../../../Engine/Plugins/Runtime/LeapMotionController/Content/LM_TorusMesh.uasset" 262
"../../../Engine/Plugins/Runtime/LeapMotionController/Content/LM_HandColor.uasset" 263
"../../../Engine/Plugins/Runtime/LeapMotionController/Content/LM_SampleDistortion.uasset" 264
"../../../Engine/Plugins/Runtime/LeapMotionController/Content/LM_TestTexture.uasset" 265
"../../../Engine/Plugins/Runtime/LeapMotionController/Content/LM_PassthroughMaterial.uasset" 266
"../../../Engine/Content/EngineMaterials/HighResolutionScreenshotMaskFunction.uasset" 267
"../../../Engine/Content/EngineMaterials/HighResScreenshot.uasset" 268
"../../../Engine/Content/EngineMaterials/HighResScreenshotMask.uasset" 269
"../../../Engine/Content/EngineMaterials/HighResScreenshotCaptureRegion.uasset" 270
"../../../Engine/Content/EngineDebugMaterials/WireframeMaterial.uasset" 271
"../../../Engine/Content/Functions/Engine_MaterialFunctions01/Shading/ConvertFromDiffSpec.uasset" 272
"../../../Engine/Content/EngineDebugMaterials/LevelColorationLitMaterial.uasset" 273
"../../../Engine/Content/EngineDebugMaterials/LevelColorationUnlitMaterial.uasset" 274
"../../../Engine/Content/EngineMaterials/DefaultWhiteGrid.uasset" 275
"../../../Engine/Content/EngineDebugMaterials/MAT_LevelColorationLitLightmapUV.uasset" 276
"../../../Engine/Content/EngineDebugMaterials/ShadedLevelColorationLitMaterial.uasset" 277
"../../../Engine/Content/EngineDebugMaterials/ShadedLevelColorationUnlitMateri.uasset" 278
"../../../Engine/Content/EngineDebugMaterials/VertexColorMaterial.uasset" 279
"../../../Engine/Content/EngineDebugMaterials/VertexColorViewMode_ColorOnly.uasset" 280
"../../../Engine/Content/EngineDebugMaterials/VertexColorViewMode_AlphaAsColor.uasset" 281
"../../../Engine/Content/EngineDebugMaterials/VertexColorViewMode_RedOnly.uasset" 282
"../../../Engine/Content/EngineDebugMaterials/VertexColorViewMode_GreenOnly.uasset" 283
"../../../Engine/Content/EngineDebugMaterials/VertexColorViewMode_BlueOnly.uasset" 284
"../../../Engine/Content/EngineMaterials/RemoveSurfaceMaterial.uasset" 285
"../../../Engine/Content/EngineDebugMaterials/DebugMeshMaterial.uasset" 286
"../../../Engine/Content/EngineMaterials/InvalidLightmapSettings.uasset" 287
"../../../Engine/Content/EngineMaterials/M_InvalidLightmapSettings.uasset" 288
"../../../Engine/Content/EditorMaterials/GizmoMaterial.uasset" 289
"../../../Engine/Content/EngineDebugMaterials/GeomMaterial.uasset" 290
"../../../Engine/Content/EngineMaterials/EditorBrushMaterial.uasset" 291
"../../../Engine/Content/EngineDebugMaterials/HeatmapGradient.uasset" 292
"../../../Engine/Content/EngineDebugMaterials/BoneWeightMaterial.uasset" 293
"../../../Engine/Content/EditorMaterials/PreviewShadowIndicator.uasset" 294
"../../../Engine/Content/EditorMaterials/PreviewShadowIndicatorMaterial.uasset" 295
"../../../Engine/Content/EditorMaterials/PhAT_JointLimitMaterial.uasset" 296
"../../../Engine/Content/EditorResources/BSPVertex.uasset" 297
"../../../Engine/Content/EngineMaterials/Good64x64TilingNoiseHighFreq.uasset" 298
"../../../Engine/Content/EngineMaterials/DefaultBokeh.uasset" 299
"../../../Engine/Content/EngineMaterials/PreintegratedSkinBRDF.uasset" 300
"../../../Engine/Content/EngineMaterials/WeightMapPlaceholderTexture.uasset" 301
"../../../Engine/Content/EngineFonts/RobotoTiny.uasset" 302
"../../../Engine/Content/Tutorial/Basics/LevelEditorAttract.uasset" 303
"../../../Engine/Content/Tutorial/ContentIntroCurve.uasset" 304
"../../../Engine/Content/EditorMaterials/Cross.uasset" 305
"../../../Engine/Content/EditorMaterials/Cross_Mat.uasset" 306
"../../../Engine/Content/EditorMaterials/PhAT_BoneSelectedMaterial.uasset" 307
"../../../Engine/Content/EditorMaterials/PhAT_ElemSelectedMaterial.uasset" 308
"../../../Engine/Content/EditorMaterials/PhAT_NoCollisionMaterial.uasset" 309
"../../../Engine/Content/EditorMaterials/PhAT_UnselectedMaterial.uasset" 310
"../../../Engine/Content/EditorMaterials/Tick.uasset" 311
"../../../Engine/Content/EditorMaterials/Tick_Mat.uasset" 312
"../../../Engine/Content/EditorMaterials/WidgetGridVertexColorMaterial.uasset" 313
"../../../Engine/Content/EditorMaterials/WidgetGridVertexColorMaterial_Ma.uasset" 314
"../../../Engine/Content/EditorMaterials/WidgetMaterial.uasset" 315
"../../../Engine/Content/EditorMaterials/WidgetMaterial_Current.uasset" 316
"../../../Engine/Content/EditorMaterials/WidgetMaterial_X.uasset" 317
"../../../Engine/Content/EditorMaterials/WidgetMaterial_Y.uasset" 318
"../../../Engine/Content/EditorMaterials/WidgetMaterial_Z.uasset" 319
"../../../Engine/Content/EditorMaterials/WidgetVertexColorMaterial.uasset" 320
"../../../Engine/Content/EditorMaterials/CompositeARGBLayer.uasset" 321
"../../../Engine/Content/EditorMaterials/TilingAALineIntegral.uasset" 322
"../../../Engine/Content/EditorMaterials/TilingAALineBoxFiltered.uasset" 323
"../../../Engine/Content/Functions/Engine_MaterialFunctions03/Procedurals/ComputeFilterWidth.uasset" 324
"../../../Engine/Content/EditorMaterials/TilingAADots.uasset" 325
"../../../Engine/Content/EditorMaterials/Cascade/CASC_Cross.uasset" 326
"../../../Engine/Content/EditorMaterials/Cascade/CASC_None.uasset" 327
"../../../Engine/Content/Functions/Engine_MaterialFunctions03/Blends/Blend_Screen.uasset" 328
"../../../Engine/Content/EditorMaterials/TilingAAGrid.uasset" 329
"../../../Engine/Content/EditorMaterials/LevelGridMaterial.uasset" 330
"../../../Engine/Content/EditorResources/SmallFont.uasset" 331
"../../../Engine/Content/EditorResources/S_KBSJoint.uasset" 332
"../../../Engine/Content/EditorResources/S_KHinge.uasset" 333
"../../../Engine/Content/EditorResources/S_KPrismatic.uasset" 334
"../../../Engine/Content/EditorResources/LightIcons/S_LightError.uasset" 335
"../../../Engine/Content/EditorResources/Spline/T_Loft_Spline.uasset" 336
"../../../Engine/Content/EngineMaterials/BlinkingCaret.uasset" 337
"../../../Engine/Content/EngineMaterials/DefaultNormal.uasset" 338
"../../../Engine/Content/EngineMaterials/Grid_N.uasset" 339
"../../../Engine/Content/EngineMaterials/LandscapeHolePhysicalMaterial.uasset" 340
"../../../Engine/Content/EngineMaterials/PaperDiffuse.uasset" 341
"../../../Engine/Content/EngineMaterials/PaperNormal.uasset" 342
"../../../Engine/Content/EngineMaterials/PhysMat_Rubber.uasset" 343
"../../../Engine/Content/EngineFonts/SmallFont.uasset" 344
"../../../Engine/Content/EngineFonts/TinyFont.uasset" 345
"../../../Engine/Content/EngineResources/StreamingPauseIcon.uasset" 346
"../../../Engine/Content/EngineResources/M_StreamingPause.uasset" 347
"../../../Engine/Content/EditorLandscapeResources/DefaultAlphaTexture.uasset" 348
"../../../Engine/Content/EditorResources/EmptyActor.uasset" 349
"../../../Engine/Content/BasicShapes/Cylinder.uasset" 350
"../../../Engine/Content/BasicShapes/Cone.uasset" 351
"../../../Engine/Content/Tutorial/Basics/TutorialAssets/icon_tab_Levels_40x.uasset" 352
"../../../Engine/Content/Tutorial/Basics/LevelEditorOverview.uasset" 353
"../../../Engine/Content/EditorMaterials/MakeCompositeARGBLayer.uasset" 354
"../../../Engine/Content/EditorResources/LevelGrid1DStripes.uasset" 355
"../../../Engine/Content/EditorMaterials/TextureGridCascaded1D.uasset" 356
"../../../Engine/Content/EditorMaterials/TextureGridCascaded2D.uasset" 357
"../../../Engine/Content/EditorMaterials/LevelGridMaterial2.uasset" 358
"../../../Engine/Content/ArtTools/RenderToTexture/Enums/EFloatTypes.uasset" 359
"../../../Engine/Content/ArtTools/RenderToTexture/Macros/RenderToTextureMacros.uasset" 360
"../../../Engine/Content/ArtTools/RenderToTexture/Enums/RenderToTexture_Enum.uasset" 361
"../../../Engine/Content/ArtTools/RenderToTexture/Enums/RenderToTexture_Flipbook_Enum.uasset" 362
"../../../Engine/Content/ArtTools/RenderToTexture/Enums/RenderToTexture_Imposter_Enum.uasset" 363
"../../../Engine/Content/Tutorial/BlueprintTutorials/TutorialAssets/BlueprintMacroLibrary_64x.uasset" 364
"../../../Engine/Content/Tutorial/BlueprintTutorials/TutorialAssets/Tutorial_BP_MacroLib.uasset" 365
"../../../Engine/Content/Tutorial/BlueprintTutorials/BlueprintMacroLibrariesEditorOverview.uasset" 366
"../../../Engine/Content/EditorMaterials/GridMaterial.uasset" 367
"../../../Engine/Content/EditorMeshes/PhAT_FloorBox.uasset" 368
"../../../Engine/Content/EditorMaterials/AntialiasedGridFloor.uasset" 369
"../../../Engine/Content/EditorResources/TilePatine_D.uasset" 370
"../../../Engine/Content/EditorResources/TilePatine_N.uasset" 371
"../../../Engine/Content/EditorMaterials/PersonaFloorMat.uasset" 372
"../../../Engine/Content/Tutorial/BlueprintTutorials/TutorialAssets/Blueprint_64x.uasset" 373
"../../../Engine/Content/Tutorial/BlueprintTutorials/BlueprintEditorTutorial.uasset" 374
"../../../GameProject/Content/ThirdPerson/Meshes/RampMaterial.uasset" 375
"../../../GameProject/Content/ThirdPerson/Meshes/RightArm_StaticMesh.uasset" 376
"../../../GameProject/Content/ThirdPerson/Meshes/Ramp_StaticMesh.uasset" 377
"../../../GameProject/Content/ThirdPerson/Meshes/Linear_Stair_StaticMesh.uasset" 378
"../../../GameProject/Content/ThirdPerson/Meshes/LeftArm_StaticMesh.uasset" 379
"../../../GameProject/Content/ThirdPerson/Meshes/Bump_StaticMesh.uasset" 380
"../../../GameProject/Content/Geometry/Meshes/CubeMaterial.uasset" 381
"../../../GameProject/Content/Geometry/Meshes/TemplateFloor.uasset" 382
"../../../GameProject/Content/Geometry/Meshes/1M_Cube.uasset" 383
"../../../Engine/Content/EngineMaterials/AntiAliasedTextMaterialTranslucent.uasset" 384
"../../../GameProject/Content/Geometry/Meshes/1M_Cube_Chamfer.uasset" 385
"../../../GameProject/Content/Geometry/Meshes/1M_Cube_Chamfer_DM.uasset" 386
"../../../Engine/Content/EditorSounds/GamePreview/EndPlayInEditor.uasset" 387
"../../../Engine/Content/EditorSounds/GamePreview/EndPlayInEditor_Cue.uasset" 388
"../../../GameProject/Content/ThirdPersonBP/Blueprints/ThirdPersonGameMode.uasset" 389
"../../../Engine/Content/MobileResources/HUD/MobileHUDButton1_on.uasset" 390
"../../../Engine/Content/MobileResources/HUD/MobileHUDDirectionPad.uasset" 391
"../../../Engine/Content/MobileResources/T_MobileControls_texture.uasset" 392
"../../../Engine/Content/MobileResources/HUD/VirtualJoystick_Background.uasset" 393
"../../../Engine/Content/MobileResources/HUD/VirtualJoystick_Thumb.uasset" 394
"../../../Engine/Content/MobileResources/HUD/LeftVirtualJoystickOnly.uasset" 395
"../../../Engine/Content/MobileResources/HUD/MobileHUDButton2_off.uasset" 396
"../../../Engine/Content/MobileResources/HUD/MobileHUDButtonFire.uasset" 397
"../../../Engine/Content/MobileResources/HUD/MobileHUDDirectionPad3.uasset" 398
"../../../Engine/Content/MobileResources/HUD/T_Castle_ThumbstickInner.uasset" 399
"../../../Engine/Content/MobileResources/HUD/MobileHUDButton2_on.uasset" 400
"../../../GameProject/Content/ThirdPersonBP/Blueprints/HomeMapMode.uasset" 401
"../../../Engine/Content/MobileResources/T_MobileMenu2.uasset" 402
"../../../Engine/Content/MobileResources/HUD/AnalogHat.uasset" 403
"../../../Engine/Content/MobileResources/HUD/DefaultVirtualJoysticks.uasset" 404
"../../../Engine/Content/MobileResources/HUD/MobileHUDButton1_off.uasset" 405
"../../../Engine/Content/EditorSounds/GamePreview/StartPlayInEditor.uasset" 406
"../../../Engine/Content/EditorSounds/GamePreview/StartPlayInEditor_Cue.uasset" 407
"../../../Engine/Content/MobileResources/HUD/MobileHUDButton3.uasset" 408
"../../../Engine/Content/MobileResources/HUD/MobileHUDDirectionPad2.uasset" 409
"../../../Engine/Content/MobileResources/HUD/MobileHUDDirectionStick.uasset" 410
"../../../Engine/Content/MobileResources/HUD/T_Castle_ThumbstickOutter.uasset" 411
